<?xml version="1.0" encoding="UTF-8"?>
<testsuite xmlns:xsi="http://www.w3.org/2001/XMLSchema-instance" xsi:noNamespaceSchemaLocation="https://maven.apache.org/surefire/maven-surefire-plugin/xsd/surefire-test-report.xsd" name="com.xiaotao.AppMemberTest" time="0.04" tests="1" errors="0" skipped="0" failures="0">
  <properties>
    <property name="sun.desktop" value="windows"/>
    <property name="awt.toolkit" value="sun.awt.windows.WToolkit"/>
    <property name="file.encoding.pkg" value="sun.io"/>
    <property name="java.specification.version" value="1.8"/>
    <property name="sun.cpu.isalist" value="amd64"/>
    <property name="sun.jnu.encoding" value="GBK"/>
    <property name="java.class.path" value="D:\WorkSpace\springboot2.0-dubbo-master\springboot2.0-dubbo-public-api-member-service-impl\target\test-classes;D:\WorkSpace\springboot2.0-dubbo-master\springboot2.0-dubbo-public-api-member-service-impl\target\classes;D:\WorkSpace\springboot2.0-dubbo-master\springboot2.0-dubbo-public-api-service\springboot2.0-dubbo-public-api-member-service\target\springboot2.0-dubbo-public-api-member-service-1.0-SNAPSHOT.jar;D:\LocalRepository\Maven\junit\junit\4.11\junit-4.11.jar;D:\LocalRepository\Maven\org\hamcrest\hamcrest-core\1.3\hamcrest-core-1.3.jar;D:\LocalRepository\Maven\org\springframework\boot\spring-boot-starter-web\2.0.1.RELEASE\spring-boot-starter-web-2.0.1.RELEASE.jar;D:\LocalRepository\Maven\org\springframework\boot\spring-boot-starter\2.0.1.RELEASE\spring-boot-starter-2.0.1.RELEASE.jar;D:\LocalRepository\Maven\org\springframework\boot\spring-boot\2.0.1.RELEASE\spring-boot-2.0.1.RELEASE.jar;D:\LocalRepository\Maven\org\springframework\boot\spring-boot-autoconfigure\2.0.1.RELEASE\spring-boot-autoconfigure-2.0.1.RELEASE.jar;D:\LocalRepository\Maven\org\springframework\boot\spring-boot-starter-logging\2.0.1.RELEASE\spring-boot-starter-logging-2.0.1.RELEASE.jar;D:\LocalRepository\Maven\ch\qos\logback\logback-classic\1.2.3\logback-classic-1.2.3.jar;D:\LocalRepository\Maven\ch\qos\logback\logback-core\1.2.3\logback-core-1.2.3.jar;D:\LocalRepository\Maven\org\apache\logging\log4j\log4j-to-slf4j\2.10.0\log4j-to-slf4j-2.10.0.jar;D:\LocalRepository\Maven\org\apache\logging\log4j\log4j-api\2.10.0\log4j-api-2.10.0.jar;D:\LocalRepository\Maven\org\slf4j\jul-to-slf4j\1.7.25\jul-to-slf4j-1.7.25.jar;D:\LocalRepository\Maven\javax\annotation\javax.annotation-api\1.3.2\javax.annotation-api-1.3.2.jar;D:\LocalRepository\Maven\org\springframework\spring-core\5.0.5.RELEASE\spring-core-5.0.5.RELEASE.jar;D:\LocalRepository\Maven\org\springframework\spring-jcl\5.0.5.RELEASE\spring-jcl-5.0.5.RELEASE.jar;D:\LocalRepository\Maven\org\yaml\snakeyaml\1.19\snakeyaml-1.19.jar;D:\LocalRepository\Maven\org\springframework\boot\spring-boot-starter-json\2.0.1.RELEASE\spring-boot-starter-json-2.0.1.RELEASE.jar;D:\LocalRepository\Maven\com\fasterxml\jackson\core\jackson-databind\2.9.5\jackson-databind-2.9.5.jar;D:\LocalRepository\Maven\com\fasterxml\jackson\core\jackson-annotations\2.9.0\jackson-annotations-2.9.0.jar;D:\LocalRepository\Maven\com\fasterxml\jackson\core\jackson-core\2.9.5\jackson-core-2.9.5.jar;D:\LocalRepository\Maven\com\fasterxml\jackson\datatype\jackson-datatype-jdk8\2.9.5\jackson-datatype-jdk8-2.9.5.jar;D:\LocalRepository\Maven\com\fasterxml\jackson\datatype\jackson-datatype-jsr310\2.9.5\jackson-datatype-jsr310-2.9.5.jar;D:\LocalRepository\Maven\com\fasterxml\jackson\module\jackson-module-parameter-names\2.9.5\jackson-module-parameter-names-2.9.5.jar;D:\LocalRepository\Maven\org\springframework\boot\spring-boot-starter-tomcat\2.0.1.RELEASE\spring-boot-starter-tomcat-2.0.1.RELEASE.jar;D:\LocalRepository\Maven\org\apache\tomcat\embed\tomcat-embed-core\8.5.29\tomcat-embed-core-8.5.29.jar;D:\LocalRepository\Maven\org\apache\tomcat\embed\tomcat-embed-el\8.5.29\tomcat-embed-el-8.5.29.jar;D:\LocalRepository\Maven\org\apache\tomcat\embed\tomcat-embed-websocket\8.5.29\tomcat-embed-websocket-8.5.29.jar;D:\LocalRepository\Maven\org\hibernate\validator\hibernate-validator\6.0.9.Final\hibernate-validator-6.0.9.Final.jar;D:\LocalRepository\Maven\javax\validation\validation-api\2.0.1.Final\validation-api-2.0.1.Final.jar;D:\LocalRepository\Maven\org\jboss\logging\jboss-logging\3.3.2.Final\jboss-logging-3.3.2.Final.jar;D:\LocalRepository\Maven\com\fasterxml\classmate\1.3.4\classmate-1.3.4.jar;D:\LocalRepository\Maven\org\springframework\spring-web\5.0.5.RELEASE\spring-web-5.0.5.RELEASE.jar;D:\LocalRepository\Maven\org\springframework\spring-beans\5.0.5.RELEASE\spring-beans-5.0.5.RELEASE.jar;D:\LocalRepository\Maven\org\springframework\spring-webmvc\5.0.5.RELEASE\spring-webmvc-5.0.5.RELEASE.jar;D:\LocalRepository\Maven\org\springframework\spring-aop\5.0.5.RELEASE\spring-aop-5.0.5.RELEASE.jar;D:\LocalRepository\Maven\org\springframework\spring-context\5.0.5.RELEASE\spring-context-5.0.5.RELEASE.jar;D:\LocalRepository\Maven\org\springframework\spring-expression\5.0.5.RELEASE\spring-expression-5.0.5.RELEASE.jar;D:\LocalRepository\Maven\org\apache\dubbo\dubbo-spring-boot-starter\2.7.3\dubbo-spring-boot-starter-2.7.3.jar;D:\LocalRepository\Maven\org\apache\dubbo\dubbo-spring-boot-autoconfigure\2.7.3\dubbo-spring-boot-autoconfigure-2.7.3.jar;D:\LocalRepository\Maven\org\apache\dubbo\dubbo-spring-boot-autoconfigure-compatible\2.7.3\dubbo-spring-boot-autoconfigure-compatible-2.7.3.jar;D:\LocalRepository\Maven\org\apache\dubbo\dubbo\2.7.3\dubbo-2.7.3.jar;D:\LocalRepository\Maven\org\javassist\javassist\3.20.0-GA\javassist-3.20.0-GA.jar;D:\LocalRepository\Maven\io\netty\netty-all\4.1.23.Final\netty-all-4.1.23.Final.jar;D:\LocalRepository\Maven\com\google\code\gson\gson\2.8.2\gson-2.8.2.jar;D:\LocalRepository\Maven\org\apache\curator\curator-recipes\4.0.1\curator-recipes-4.0.1.jar;D:\LocalRepository\Maven\org\apache\curator\curator-framework\4.0.1\curator-framework-4.0.1.jar;D:\LocalRepository\Maven\org\apache\curator\curator-client\4.0.1\curator-client-4.0.1.jar;D:\LocalRepository\Maven\com\google\guava\guava\20.0\guava-20.0.jar;D:\LocalRepository\Maven\org\apache\zookeeper\zookeeper\3.4.13\zookeeper-3.4.13.jar;D:\LocalRepository\Maven\org\slf4j\slf4j-api\1.7.25\slf4j-api-1.7.25.jar;D:\LocalRepository\Maven\org\slf4j\slf4j-log4j12\1.7.25\slf4j-log4j12-1.7.25.jar;D:\LocalRepository\Maven\log4j\log4j\1.2.17\log4j-1.2.17.jar;D:\LocalRepository\Maven\jline\jline\0.9.94\jline-0.9.94.jar;D:\LocalRepository\Maven\org\apache\yetus\audience-annotations\0.5.0\audience-annotations-0.5.0.jar;"/>
    <property name="java.vm.vendor" value="Oracle Corporation"/>
    <property name="sun.arch.data.model" value="64"/>
    <property name="user.variant" value=""/>
    <property name="java.vendor.url" value="http://java.oracle.com/"/>
    <property name="user.timezone" value=""/>
    <property name="java.vm.specification.version" value="1.8"/>
    <property name="os.name" value="Windows 10"/>
    <property name="user.country" value="CN"/>
    <property name="sun.java.launcher" value="SUN_STANDARD"/>
    <property name="sun.boot.library.path" value="C:\Program Files\Java\jdk1.8.0_212\jre\bin"/>
    <property name="sun.java.command" value="C:\Users\qiang\AppData\Local\Temp\surefire4220313258725619875\surefirebooter2097012196853683751.jar C:\Users\qiang\AppData\Local\Temp\surefire4220313258725619875 2020-06-14T19-38-09_803-jvmRun1 surefire3786059198072097548tmp surefire_17602381757154512825tmp"/>
    <property name="surefire.test.class.path" value="D:\WorkSpace\springboot2.0-dubbo-master\springboot2.0-dubbo-public-api-member-service-impl\target\test-classes;D:\WorkSpace\springboot2.0-dubbo-master\springboot2.0-dubbo-public-api-member-service-impl\target\classes;D:\WorkSpace\springboot2.0-dubbo-master\springboot2.0-dubbo-public-api-service\springboot2.0-dubbo-public-api-member-service\target\springboot2.0-dubbo-public-api-member-service-1.0-SNAPSHOT.jar;D:\LocalRepository\Maven\junit\junit\4.11\junit-4.11.jar;D:\LocalRepository\Maven\org\hamcrest\hamcrest-core\1.3\hamcrest-core-1.3.jar;D:\LocalRepository\Maven\org\springframework\boot\spring-boot-starter-web\2.0.1.RELEASE\spring-boot-starter-web-2.0.1.RELEASE.jar;D:\LocalRepository\Maven\org\springframework\boot\spring-boot-starter\2.0.1.RELEASE\spring-boot-starter-2.0.1.RELEASE.jar;D:\LocalRepository\Maven\org\springframework\boot\spring-boot\2.0.1.RELEASE\spring-boot-2.0.1.RELEASE.jar;D:\LocalRepository\Maven\org\springframework\boot\spring-boot-autoconfigure\2.0.1.RELEASE\spring-boot-autoconfigure-2.0.1.RELEASE.jar;D:\LocalRepository\Maven\org\springframework\boot\spring-boot-starter-logging\2.0.1.RELEASE\spring-boot-starter-logging-2.0.1.RELEASE.jar;D:\LocalRepository\Maven\ch\qos\logback\logback-classic\1.2.3\logback-classic-1.2.3.jar;D:\LocalRepository\Maven\ch\qos\logback\logback-core\1.2.3\logback-core-1.2.3.jar;D:\LocalRepository\Maven\org\apache\logging\log4j\log4j-to-slf4j\2.10.0\log4j-to-slf4j-2.10.0.jar;D:\LocalRepository\Maven\org\apache\logging\log4j\log4j-api\2.10.0\log4j-api-2.10.0.jar;D:\LocalRepository\Maven\org\slf4j\jul-to-slf4j\1.7.25\jul-to-slf4j-1.7.25.jar;D:\LocalRepository\Maven\javax\annotation\javax.annotation-api\1.3.2\javax.annotation-api-1.3.2.jar;D:\LocalRepository\Maven\org\springframework\spring-core\5.0.5.RELEASE\spring-core-5.0.5.RELEASE.jar;D:\LocalRepository\Maven\org\springframework\spring-jcl\5.0.5.RELEASE\spring-jcl-5.0.5.RELEASE.jar;D:\LocalRepository\Maven\org\yaml\snakeyaml\1.19\snakeyaml-1.19.jar;D:\LocalRepository\Maven\org\springframework\boot\spring-boot-starter-json\2.0.1.RELEASE\spring-boot-starter-json-2.0.1.RELEASE.jar;D:\LocalRepository\Maven\com\fasterxml\jackson\core\jackson-databind\2.9.5\jackson-databind-2.9.5.jar;D:\LocalRepository\Maven\com\fasterxml\jackson\core\jackson-annotations\2.9.0\jackson-annotations-2.9.0.jar;D:\LocalRepository\Maven\com\fasterxml\jackson\core\jackson-core\2.9.5\jackson-core-2.9.5.jar;D:\LocalRepository\Maven\com\fasterxml\jackson\datatype\jackson-datatype-jdk8\2.9.5\jackson-datatype-jdk8-2.9.5.jar;D:\LocalRepository\Maven\com\fasterxml\jackson\datatype\jackson-datatype-jsr310\2.9.5\jackson-datatype-jsr310-2.9.5.jar;D:\LocalRepository\Maven\com\fasterxml\jackson\module\jackson-module-parameter-names\2.9.5\jackson-module-parameter-names-2.9.5.jar;D:\LocalRepository\Maven\org\springframework\boot\spring-boot-starter-tomcat\2.0.1.RELEASE\spring-boot-starter-tomcat-2.0.1.RELEASE.jar;D:\LocalRepository\Maven\org\apache\tomcat\embed\tomcat-embed-core\8.5.29\tomcat-embed-core-8.5.29.jar;D:\LocalRepository\Maven\org\apache\tomcat\embed\tomcat-embed-el\8.5.29\tomcat-embed-el-8.5.29.jar;D:\LocalRepository\Maven\org\apache\tomcat\embed\tomcat-embed-websocket\8.5.29\tomcat-embed-websocket-8.5.29.jar;D:\LocalRepository\Maven\org\hibernate\validator\hibernate-validator\6.0.9.Final\hibernate-validator-6.0.9.Final.jar;D:\LocalRepository\Maven\javax\validation\validation-api\2.0.1.Final\validation-api-2.0.1.Final.jar;D:\LocalRepository\Maven\org\jboss\logging\jboss-logging\3.3.2.Final\jboss-logging-3.3.2.Final.jar;D:\LocalRepository\Maven\com\fasterxml\classmate\1.3.4\classmate-1.3.4.jar;D:\LocalRepository\Maven\org\springframework\spring-web\5.0.5.RELEASE\spring-web-5.0.5.RELEASE.jar;D:\LocalRepository\Maven\org\springframework\spring-beans\5.0.5.RELEASE\spring-beans-5.0.5.RELEASE.jar;D:\LocalRepository\Maven\org\springframework\spring-webmvc\5.0.5.RELEASE\spring-webmvc-5.0.5.RELEASE.jar;D:\LocalRepository\Maven\org\springframework\spring-aop\5.0.5.RELEASE\spring-aop-5.0.5.RELEASE.jar;D:\LocalRepository\Maven\org\springframework\spring-context\5.0.5.RELEASE\spring-context-5.0.5.RELEASE.jar;D:\LocalRepository\Maven\org\springframework\spring-expression\5.0.5.RELEASE\spring-expression-5.0.5.RELEASE.jar;D:\LocalRepository\Maven\org\apache\dubbo\dubbo-spring-boot-starter\2.7.3\dubbo-spring-boot-starter-2.7.3.jar;D:\LocalRepository\Maven\org\apache\dubbo\dubbo-spring-boot-autoconfigure\2.7.3\dubbo-spring-boot-autoconfigure-2.7.3.jar;D:\LocalRepository\Maven\org\apache\dubbo\dubbo-spring-boot-autoconfigure-compatible\2.7.3\dubbo-spring-boot-autoconfigure-compatible-2.7.3.jar;D:\LocalRepository\Maven\org\apache\dubbo\dubbo\2.7.3\dubbo-2.7.3.jar;D:\LocalRepository\Maven\org\javassist\javassist\3.20.0-GA\javassist-3.20.0-GA.jar;D:\LocalRepository\Maven\io\netty\netty-all\4.1.23.Final\netty-all-4.1.23.Final.jar;D:\LocalRepository\Maven\com\google\code\gson\gson\2.8.2\gson-2.8.2.jar;D:\LocalRepository\Maven\org\apache\curator\curator-recipes\4.0.1\curator-recipes-4.0.1.jar;D:\LocalRepository\Maven\org\apache\curator\curator-framework\4.0.1\curator-framework-4.0.1.jar;D:\LocalRepository\Maven\org\apache\curator\curator-client\4.0.1\curator-client-4.0.1.jar;D:\LocalRepository\Maven\com\google\guava\guava\20.0\guava-20.0.jar;D:\LocalRepository\Maven\org\apache\zookeeper\zookeeper\3.4.13\zookeeper-3.4.13.jar;D:\LocalRepository\Maven\org\slf4j\slf4j-api\1.7.25\slf4j-api-1.7.25.jar;D:\LocalRepository\Maven\org\slf4j\slf4j-log4j12\1.7.25\slf4j-log4j12-1.7.25.jar;D:\LocalRepository\Maven\log4j\log4j\1.2.17\log4j-1.2.17.jar;D:\LocalRepository\Maven\jline\jline\0.9.94\jline-0.9.94.jar;D:\LocalRepository\Maven\org\apache\yetus\audience-annotations\0.5.0\audience-annotations-0.5.0.jar;"/>
    <property name="sun.cpu.endian" value="little"/>
    <property name="user.home" value="C:\Users\qiang"/>
    <property name="user.language" value="zh"/>
    <property name="java.specification.vendor" value="Oracle Corporation"/>
    <property name="java.home" value="C:\Program Files\Java\jdk1.8.0_212\jre"/>
    <property name="basedir" value="D:\WorkSpace\springboot2.0-dubbo-master\springboot2.0-dubbo-public-api-member-service-impl"/>
    <property name="file.separator" value="\"/>
    <property name="line.separator" value="&#10;"/>
    <property name="java.vm.specification.vendor" value="Oracle Corporation"/>
    <property name="java.specification.name" value="Java Platform API Specification"/>
    <property name="java.awt.graphicsenv" value="sun.awt.Win32GraphicsEnvironment"/>
    <property name="idea.version2020.1.1" value="true"/>
    <property name="surefire.real.class.path" value="C:\Users\qiang\AppData\Local\Temp\surefire4220313258725619875\surefirebooter2097012196853683751.jar"/>
    <property name="sun.boot.class.path" value="C:\Program Files\Java\jdk1.8.0_212\jre\lib\resources.jar;C:\Program Files\Java\jdk1.8.0_212\jre\lib\rt.jar;C:\Program Files\Java\jdk1.8.0_212\jre\lib\sunrsasign.jar;C:\Program Files\Java\jdk1.8.0_212\jre\lib\jsse.jar;C:\Program Files\Java\jdk1.8.0_212\jre\lib\jce.jar;C:\Program Files\Java\jdk1.8.0_212\jre\lib\charsets.jar;C:\Program Files\Java\jdk1.8.0_212\jre\lib\jfr.jar;C:\Program Files\Java\jdk1.8.0_212\jre\classes"/>
    <property name="user.script" value=""/>
    <property name="sun.management.compiler" value="HotSpot 64-Bit Tiered Compilers"/>
    <property name="java.runtime.version" value="1.8.0_212-b10"/>
    <property name="user.name" value="qiang"/>
    <property name="path.separator" value=";"/>
    <property name="os.version" value="10.0"/>
    <property name="java.endorsed.dirs" value="C:\Program Files\Java\jdk1.8.0_212\jre\lib\endorsed"/>
    <property name="java.runtime.name" value="Java(TM) SE Runtime Environment"/>
    <property name="file.encoding" value="GBK"/>
    <property name="java.vm.name" value="Java HotSpot(TM) 64-Bit Server VM"/>
    <property name="localRepository" value="D:\LocalRepository\Maven"/>
    <property name="java.vendor.url.bug" value="http://bugreport.sun.com/bugreport/"/>
    <property name="java.io.tmpdir" value="C:\Users\qiang\AppData\Local\Temp\"/>
    <property name="java.version" value="1.8.0_212"/>
    <property name="user.dir" value="D:\WorkSpace\springboot2.0-dubbo-master\springboot2.0-dubbo-public-api-member-service-impl"/>
    <property name="os.arch" value="amd64"/>
    <property name="java.vm.specification.name" value="Java Virtual Machine Specification"/>
    <property name="java.awt.printerjob" value="sun.awt.windows.WPrinterJob"/>
    <property name="sun.os.patch.level" value=""/>
    <property name="java.library.path" value="C:\Program Files\Java\jdk1.8.0_212\jre\bin;C:\Windows\Sun\Java\bin;C:\Windows\system32;C:\Windows;C:\Program Files (x86)\Common Files\Oracle\Java\javapath;C:\Windows\system32;C:\Windows;C:\Windows\System32\Wbem;C:\Windows\System32\WindowsPowerShell\v1.0\;C:\Windows\System32\OpenSSH\;C:\Program Files (x86)\NVIDIA Corporation\PhysX\Common;C:\Program Files\NVIDIA Corporation\NVIDIA NvDLISR;C:\Program Files\Java\jdk1.8.0_212\bin;C:\Program Files\Java\jdk1.8.0_212\jre\bin;D:\SoftWare\apache-maven-3.6.3\bin;D:\SoftWare\mysql-8.0.13-winx64\bin;D:\SoftWare\Git\cmd;D:\SoftWare\gradle-5.6.4\bin;C:\Users\qiang\AppData\Local\Microsoft\WindowsApps;;."/>
    <property name="java.vm.info" value="mixed mode"/>
    <property name="java.vendor" value="Oracle Corporation"/>
    <property name="java.vm.version" value="25.212-b10"/>
    <property name="java.ext.dirs" value="C:\Program Files\Java\jdk1.8.0_212\jre\lib\ext;C:\Windows\Sun\Java\lib\ext"/>
    <property name="sun.io.unicode.encoding" value="UnicodeLittle"/>
    <property name="maven.repo.local" value="D:\LocalRepository\Maven"/>
    <property name="java.class.version" value="52.0"/>
  </properties>
  <testcase name="shouldAnswerWithTrue" classname="com.xiaotao.AppMemberTest" time="0.001"/>
</testsuite>